Arguments: 
  C:\Program Files\nodejs\node.exe C:\Users\Snetsystems\AppData\Roaming\npm\node_modules\yarn\bin\yarn.js init

PATH: 
  C:\Users\Snetsystems\bin;C:\Program Files\Git\mingw64\bin;C:\Program Files\Git\usr\local\bin;C:\Program Files\Git\usr\bin;C:\Program Files\Git\usr\bin;C:\Program Files\Git\mingw64\bin;C:\Program Files\Git\usr\bin;C:\Users\Snetsystems\bin;C:\Program Files (x86)\Common Files\Oracle\Java\javapath;C:\Python38\Scripts;C:\Python38;C:\WINDOWS\system32;C:\WINDOWS;C:\WINDOWS\System32\Wbem;C:\WINDOWS\System32\WindowsPowerShell\v1.0;C:\WINDOWS\System32\OpenSSH;C:\Go\bin;C:\Program Files\Git\cmd;C:\Program Files (x86)\GnuWin32\bin\make.exe;C:\Program Files\PuTTY;C:\ProgramData\chocolatey\bin;C:\Program Files\nodejs;C:\Users\Snetsystems\Miniconda3;C:\Users\Snetsystems\Miniconda3\Library\mingw-w64\bin;C:\Users\Snetsystems\Miniconda3\Library\usr\bin;C:\Users\Snetsystems\Miniconda3\Library\bin;C:\Users\Snetsystems\Miniconda3\Scripts;C:\Users\Snetsystems\AppData\Local\Microsoft\WindowsApps;C:\Program Files\Bandizip;C:\Program Files (x86)\GnuWin32\bin;C:\Program Files\Docker Toolbox;C:\Users\Snetsystems\AppData\Local\Programs\Microsoft VS Code\bin;C:\Users\Snetsystems\go\bin;C:\Users\Snetsystems\AppData\Roaming\npm;C:\Program Files\Git\usr\bin\vendor_perl;C:\Program Files\Git\usr\bin\core_perl

Yarn version: 
  1.22.4

Node version: 
  12.16.3

Platform: 
  win32 x64

Trace: 
  Error: Can't answer a question unless a user TTY
      at ConsoleReporter.question (C:\Users\Snetsystems\AppData\Roaming\npm\node_modules\yarn\lib\cli.js:96800:59)
      at Object.<anonymous> (C:\Users\Snetsystems\AppData\Roaming\npm\node_modules\yarn\lib\cli.js:89075:38)
      at Generator.next (<anonymous>)
      at step (C:\Users\Snetsystems\AppData\Roaming\npm\node_modules\yarn\lib\cli.js:310:30)
      at C:\Users\Snetsystems\AppData\Roaming\npm\node_modules\yarn\lib\cli.js:321:13

npm manifest: 
  No manifest

yarn manifest: 
  No manifest

Lockfile: 
  No lockfile
